[2025-06-16 06:02:56] production.ERROR: Target class [config] does not exist. {"exception":"[object] (Illuminate\\Contracts\\Container\\BindingResolutionException(code: 0): Target class [config] does not exist. at C:\\wamp64\\www\\LARAVEL\\AdminSetup\\vendor\\laravel\\framework\\src\\Illuminate\\Container\\Container.php:1019)
[stacktrace]
#0 C:\\wamp64\\www\\LARAVEL\\AdminSetup\\vendor\\laravel\\framework\\src\\Illuminate\\Container\\Container.php(890): Illuminate\\Container\\Container->build('config')
#1 C:\\wamp64\\www\\LARAVEL\\AdminSetup\\vendor\\laravel\\framework\\src\\Illuminate\\Foundation\\Application.php(1077): Illuminate\\Container\\Container->resolve('config', Array, true)
#2 C:\\wamp64\\www\\LARAVEL\\AdminSetup\\vendor\\laravel\\framework\\src\\Illuminate\\Container\\Container.php(821): Illuminate\\Foundation\\Application->resolve('config', Array)
#3 C:\\wamp64\\www\\LARAVEL\\AdminSetup\\vendor\\laravel\\framework\\src\\Illuminate\\Foundation\\Application.php(1057): Illuminate\\Container\\Container->make('config', Array)
#4 C:\\wamp64\\www\\LARAVEL\\AdminSetup\\vendor\\laravel\\framework\\src\\Illuminate\\Foundation\\helpers.php(124): Illuminate\\Foundation\\Application->make('config', Array)
#5 C:\\wamp64\\www\\LARAVEL\\AdminSetup\\vendor\\laravel\\framework\\src\\Illuminate\\Foundation\\helpers.php(315): app('config')
#6 C:\\wamp64\\www\\LARAVEL\\AdminSetup\\vendor\\laravel\\sanctum\\src\\Sanctum.php(47): config('app.url')
#7 C:\\wamp64\\www\\LARAVEL\\AdminSetup\\config\\sanctum.php(21): Laravel\\Sanctum\\Sanctum::currentApplicationUrlWithPort()
#8 C:\\wamp64\\www\\LARAVEL\\AdminSetup\\vendor\\laravel\\framework\\src\\Illuminate\\Foundation\\Bootstrap\\LoadConfiguration.php(96): require('C:\\\\wamp64\\\\www\\\\L...')
#9 C:\\wamp64\\www\\LARAVEL\\AdminSetup\\vendor\\laravel\\framework\\src\\Illuminate\\Foundation\\Bootstrap\\LoadConfiguration.php(96): Illuminate\\Foundation\\Bootstrap\\LoadConfiguration->{closure:Illuminate\\Foundation\\Bootstrap\\LoadConfiguration::loadConfigurationFile():96}()
#10 C:\\wamp64\\www\\LARAVEL\\AdminSetup\\vendor\\laravel\\framework\\src\\Illuminate\\Foundation\\Bootstrap\\LoadConfiguration.php(77): Illuminate\\Foundation\\Bootstrap\\LoadConfiguration->loadConfigurationFile(Object(Illuminate\\Config\\Repository), 'sanctum', 'C:\\\\wamp64\\\\www\\\\L...', Array)
#11 C:\\wamp64\\www\\LARAVEL\\AdminSetup\\vendor\\laravel\\framework\\src\\Illuminate\\Foundation\\Bootstrap\\LoadConfiguration.php(38): Illuminate\\Foundation\\Bootstrap\\LoadConfiguration->loadConfigurationFiles(Object(Illuminate\\Foundation\\Application), Object(Illuminate\\Config\\Repository))
#12 C:\\wamp64\\www\\LARAVEL\\AdminSetup\\vendor\\laravel\\framework\\src\\Illuminate\\Foundation\\Application.php(341): Illuminate\\Foundation\\Bootstrap\\LoadConfiguration->bootstrap(Object(Illuminate\\Foundation\\Application))
#13 C:\\wamp64\\www\\LARAVEL\\AdminSetup\\vendor\\laravel\\framework\\src\\Illuminate\\Foundation\\Http\\Kernel.php(186): Illuminate\\Foundation\\Application->bootstrapWith(Array)
#14 C:\\wamp64\\www\\LARAVEL\\AdminSetup\\vendor\\laravel\\framework\\src\\Illuminate\\Foundation\\Http\\Kernel.php(170): Illuminate\\Foundation\\Http\\Kernel->bootstrap()
#15 C:\\wamp64\\www\\LARAVEL\\AdminSetup\\vendor\\laravel\\framework\\src\\Illuminate\\Foundation\\Http\\Kernel.php(144): Illuminate\\Foundation\\Http\\Kernel->sendRequestThroughRouter(Object(Illuminate\\Http\\Request))
#16 C:\\wamp64\\www\\LARAVEL\\AdminSetup\\vendor\\laravel\\framework\\src\\Illuminate\\Foundation\\Application.php(1219): Illuminate\\Foundation\\Http\\Kernel->handle(Object(Illuminate\\Http\\Request))
#17 C:\\wamp64\\www\\LARAVEL\\AdminSetup\\public\\index.php(20): Illuminate\\Foundation\\Application->handleRequest(Object(Illuminate\\Http\\Request))
#18 C:\\wamp64\\www\\LARAVEL\\AdminSetup\\server.php(21): require_once('C:\\\\wamp64\\\\www\\\\L...')
#19 {main}

[previous exception] [object] (ReflectionException(code: -1): Class \"config\" does not exist at C:\\wamp64\\www\\LARAVEL\\AdminSetup\\vendor\\laravel\\framework\\src\\Illuminate\\Container\\Container.php:1017)
[stacktrace]
#0 C:\\wamp64\\www\\LARAVEL\\AdminSetup\\vendor\\laravel\\framework\\src\\Illuminate\\Container\\Container.php(1017): ReflectionClass->__construct('config')
#1 C:\\wamp64\\www\\LARAVEL\\AdminSetup\\vendor\\laravel\\framework\\src\\Illuminate\\Container\\Container.php(890): Illuminate\\Container\\Container->build('config')
#2 C:\\wamp64\\www\\LARAVEL\\AdminSetup\\vendor\\laravel\\framework\\src\\Illuminate\\Foundation\\Application.php(1077): Illuminate\\Container\\Container->resolve('config', Array, true)
#3 C:\\wamp64\\www\\LARAVEL\\AdminSetup\\vendor\\laravel\\framework\\src\\Illuminate\\Container\\Container.php(821): Illuminate\\Foundation\\Application->resolve('config', Array)
#4 C:\\wamp64\\www\\LARAVEL\\AdminSetup\\vendor\\laravel\\framework\\src\\Illuminate\\Foundation\\Application.php(1057): Illuminate\\Container\\Container->make('config', Array)
#5 C:\\wamp64\\www\\LARAVEL\\AdminSetup\\vendor\\laravel\\framework\\src\\Illuminate\\Foundation\\helpers.php(124): Illuminate\\Foundation\\Application->make('config', Array)
#6 C:\\wamp64\\www\\LARAVEL\\AdminSetup\\vendor\\laravel\\framework\\src\\Illuminate\\Foundation\\helpers.php(315): app('config')
#7 C:\\wamp64\\www\\LARAVEL\\AdminSetup\\vendor\\laravel\\sanctum\\src\\Sanctum.php(47): config('app.url')
#8 C:\\wamp64\\www\\LARAVEL\\AdminSetup\\config\\sanctum.php(21): Laravel\\Sanctum\\Sanctum::currentApplicationUrlWithPort()
#9 C:\\wamp64\\www\\LARAVEL\\AdminSetup\\vendor\\laravel\\framework\\src\\Illuminate\\Foundation\\Bootstrap\\LoadConfiguration.php(96): require('C:\\\\wamp64\\\\www\\\\L...')
#10 C:\\wamp64\\www\\LARAVEL\\AdminSetup\\vendor\\laravel\\framework\\src\\Illuminate\\Foundation\\Bootstrap\\LoadConfiguration.php(96): Illuminate\\Foundation\\Bootstrap\\LoadConfiguration->{closure:Illuminate\\Foundation\\Bootstrap\\LoadConfiguration::loadConfigurationFile():96}()
#11 C:\\wamp64\\www\\LARAVEL\\AdminSetup\\vendor\\laravel\\framework\\src\\Illuminate\\Foundation\\Bootstrap\\LoadConfiguration.php(77): Illuminate\\Foundation\\Bootstrap\\LoadConfiguration->loadConfigurationFile(Object(Illuminate\\Config\\Repository), 'sanctum', 'C:\\\\wamp64\\\\www\\\\L...', Array)
#12 C:\\wamp64\\www\\LARAVEL\\AdminSetup\\vendor\\laravel\\framework\\src\\Illuminate\\Foundation\\Bootstrap\\LoadConfiguration.php(38): Illuminate\\Foundation\\Bootstrap\\LoadConfiguration->loadConfigurationFiles(Object(Illuminate\\Foundation\\Application), Object(Illuminate\\Config\\Repository))
#13 C:\\wamp64\\www\\LARAVEL\\AdminSetup\\vendor\\laravel\\framework\\src\\Illuminate\\Foundation\\Application.php(341): Illuminate\\Foundation\\Bootstrap\\LoadConfiguration->bootstrap(Object(Illuminate\\Foundation\\Application))
#14 C:\\wamp64\\www\\LARAVEL\\AdminSetup\\vendor\\laravel\\framework\\src\\Illuminate\\Foundation\\Http\\Kernel.php(186): Illuminate\\Foundation\\Application->bootstrapWith(Array)
#15 C:\\wamp64\\www\\LARAVEL\\AdminSetup\\vendor\\laravel\\framework\\src\\Illuminate\\Foundation\\Http\\Kernel.php(170): Illuminate\\Foundation\\Http\\Kernel->bootstrap()
#16 C:\\wamp64\\www\\LARAVEL\\AdminSetup\\vendor\\laravel\\framework\\src\\Illuminate\\Foundation\\Http\\Kernel.php(144): Illuminate\\Foundation\\Http\\Kernel->sendRequestThroughRouter(Object(Illuminate\\Http\\Request))
#17 C:\\wamp64\\www\\LARAVEL\\AdminSetup\\vendor\\laravel\\framework\\src\\Illuminate\\Foundation\\Application.php(1219): Illuminate\\Foundation\\Http\\Kernel->handle(Object(Illuminate\\Http\\Request))
#18 C:\\wamp64\\www\\LARAVEL\\AdminSetup\\public\\index.php(20): Illuminate\\Foundation\\Application->handleRequest(Object(Illuminate\\Http\\Request))
#19 C:\\wamp64\\www\\LARAVEL\\AdminSetup\\server.php(21): require_once('C:\\\\wamp64\\\\www\\\\L...')
#20 {main}
"} 
